2024-10-23 10:39:31,772 - INFO - No cache entries found to invalidate for user 6f4565aa-5013-4bed-b78e-5025754993be
2024-10-23 11:45:57,744 - INFO - No cache entries found to invalidate for user 0f18cfc9-63b3-448e-b469-09d1fee70fb2
2024-10-23 11:49:16,266 - INFO - No cache entries found to invalidate for user 272024b0-9532-49bd-a4f6-469fd646c6e9
2024-10-23 11:50:54,191 - INFO - No cache entries found to invalidate for user 60e77276-aa2e-4ee0-91ad-7911da7d1ac0
2024-10-23 11:58:57,521 - INFO - No cache entries found to invalidate for user 33408899-1c82-475a-a49c-791ed5a4a414
2024-10-23 12:02:02,089 - INFO - No cache entries found to invalidate for user 0e59b727-b397-47e1-b460-b731fecf1797
2024-10-23 12:05:43,837 - INFO - No cache entries found to invalidate for user 769765d6-f42b-4fa0-b561-02a5860b9151
2024-10-23 12:27:01,658 - INFO - No cache entries found to invalidate for user ed76bddc-39e7-4308-b5b9-0f62aa453015
2024-10-23 12:36:35,332 - INFO - No cache entries found to invalidate for user f23ed168-fe56-473a-ba07-c72f2d481190
2024-10-23 12:37:46,529 - INFO - No cache entries found to invalidate for user ee9f8bd8-f75f-4736-af59-038961585397
2024-10-23 12:39:02,692 - INFO - No cache entries found to invalidate for user f27e38ee-8fa0-4200-b669-1c1df6b9e247
2024-10-23 15:35:27,225 - INFO - No cache entries found to invalidate for user 6f7ccd81-0aac-4f42-b301-7836e813915e
2024-10-23 15:35:28,100 - INFO - No cache entries found to invalidate for user 6f7ccd81-0aac-4f42-b301-7836e813915e
2024-10-23 15:43:32,796 - INFO - No cache entries found to invalidate for user dece44e5-6017-466a-bd08-799d5b6d0e11
2024-10-23 15:43:33,551 - INFO - No cache entries found to invalidate for user dece44e5-6017-466a-bd08-799d5b6d0e11
2024-10-23 15:46:26,458 - INFO - No cache entries found to invalidate for user 608287b5-c0ef-467b-88a7-22987cd39ae0
2024-10-23 15:47:46,895 - INFO - No cache entries found to invalidate for user 3fdaf9e2-80a2-4078-8e1f-11ddd73e806a
2024-10-23 15:47:47,645 - INFO - No cache entries found to invalidate for user 3fdaf9e2-80a2-4078-8e1f-11ddd73e806a
2024-10-23 15:51:44,675 - INFO - No cache entries found to invalidate for user a2219359-acdd-4628-b774-3508556e67d2
2024-10-23 15:51:45,432 - INFO - No cache entries found to invalidate for user a2219359-acdd-4628-b774-3508556e67d2
2024-10-23 16:01:01,293 - INFO - No cache entries found to invalidate for user d1ba96f1-bfa8-48c5-b120-8322ca3d90ef
2024-10-23 16:01:02,033 - INFO - No cache entries found to invalidate for user d1ba96f1-bfa8-48c5-b120-8322ca3d90ef
2024-10-23 16:04:17,663 - INFO - No cache entries found to invalidate for user 6d5352e3-70dd-4b1a-9d9b-1c13f2775664
2024-10-23 16:04:18,390 - INFO - No cache entries found to invalidate for user 6d5352e3-70dd-4b1a-9d9b-1c13f2775664
2024-10-23 16:33:58,922 - INFO - No cache entries found to invalidate for user 5b0bd9bb-bd50-4d46-9ccd-937bedcab753
2024-10-23 16:33:59,664 - INFO - No cache entries found to invalidate for user 50e7257a-708c-4960-a046-5aa28894e665
2024-10-23 16:35:00,175 - INFO - No cache entries found to invalidate for user 4e6021f4-2a7c-49ff-8a23-d9905dac9564
2024-10-23 16:35:00,924 - INFO - No cache entries found to invalidate for user b921237b-7d8c-4184-82cf-9b07beb4c103
2024-10-23 21:40:53,265 - INFO - No cache entries found to invalidate for user c8e23032-2b8c-4179-bc03-3e18a0084ac5
2024-10-23 21:40:53,957 - INFO - No cache entries found to invalidate for user 3b83c8ac-be8e-4985-946b-18ee5894d6bd
2024-10-23 21:45:15,113 - INFO - No cache entries found to invalidate for user 316df157-dd90-406d-8544-714e5ec59b93
2024-10-23 21:45:15,983 - INFO - No cache entries found to invalidate for user ceeffa95-7ecb-406c-b566-6d4a669972bb
2024-10-23 22:02:37,595 - INFO - No cache entries found to invalidate for user e04b4298-d6e4-4990-b8a7-bd4eb852082f
2024-10-23 22:02:38,366 - INFO - No cache entries found to invalidate for user c5690ae6-5056-4f3b-92a8-9836faab7660
2024-10-23 22:25:03,718 - INFO - No cache entries found to invalidate for user baf01a2f-32ad-4a43-be31-929801e2ad94
2024-10-23 22:25:04,532 - INFO - No cache entries found to invalidate for user d7a1c9a0-93eb-4451-8963-fdd137d9d7c2
2024-10-23 22:27:05,448 - INFO - No cache entries found to invalidate for user dfa29c9c-4ab7-406a-9d29-05fab80344f6
2024-10-23 22:27:06,413 - INFO - No cache entries found to invalidate for user 09d5830b-5542-4037-ac0b-b2159a9c037b
2024-10-23 22:42:36,841 - INFO - No cache entries found to invalidate for user 2eff5332-09be-4acf-a59a-699ea3cbc5f0
2024-10-23 22:42:37,060 - INFO - No cache entries found to invalidate for user c264a89e-65b8-46c1-9573-434391160655
2024-10-23 22:42:37,060 - INFO - No cache entries found to invalidate for all news
2024-10-23 22:42:37,060 - INFO - News article 'Test News Article' created successfully.
2024-10-23 22:42:37,827 - INFO - No cache entries found to invalidate for user c264a89e-65b8-46c1-9573-434391160655
2024-10-23 22:45:32,417 - INFO - No cache entries found to invalidate for user 5684f4f6-5d98-41f6-9509-ff187a1d6b73
2024-10-23 22:45:32,646 - INFO - No cache entries found to invalidate for user 54af8b22-b51e-4026-ba9a-60ff19cf8045
2024-10-23 22:45:32,646 - INFO - No cache entries found to invalidate for all news
2024-10-23 22:45:32,647 - INFO - News article 'Test News Article' created successfully.
2024-10-23 22:45:33,294 - INFO - No cache entries found to invalidate for user 54af8b22-b51e-4026-ba9a-60ff19cf8045
2024-10-23 22:48:14,817 - INFO - No cache entries found to invalidate for user 93afeec8-3b15-47ce-8330-eb14b108acbe
2024-10-23 22:48:15,057 - INFO - No cache entries found to invalidate for user 1c537fba-e836-493f-9ea7-a48f0b51f52d
2024-10-23 22:48:15,057 - INFO - No cache entries found to invalidate for all news
2024-10-23 22:48:15,058 - INFO - News article 'Test News Article' created successfully.
2024-10-23 22:48:15,716 - INFO - No cache entries found to invalidate for user 1c537fba-e836-493f-9ea7-a48f0b51f52d
2024-10-23 22:49:40,418 - INFO - No cache entries found to invalidate for user ff376ba1-b79a-4e34-a1a0-a7465977524d
2024-10-23 22:49:40,635 - INFO - No cache entries found to invalidate for user 14c0360e-61d0-4b98-b8c1-5321f4454f42
2024-10-23 22:49:40,636 - INFO - No cache entries found to invalidate for all news
2024-10-23 22:49:40,636 - INFO - News article 'Test News Article' created successfully.
2024-10-23 22:49:41,258 - INFO - No cache entries found to invalidate for user 14c0360e-61d0-4b98-b8c1-5321f4454f42
2024-10-24 12:17:30,758 - INFO - No cache entries found to invalidate for user e3b1504c-3056-4acb-a41f-3ba2e5fe3f4f
2024-10-24 12:17:31,078 - INFO - No cache entries found to invalidate for user c1f18ef6-0a8b-4def-8c06-320c1019d436
2024-10-24 12:17:31,985 - INFO - No cache entries found to invalidate for user e3b1504c-3056-4acb-a41f-3ba2e5fe3f4f
2024-10-24 12:36:11,985 - INFO - No cache entries found to invalidate for user 51a35a40-a5d2-421e-82f7-5dfb2c73ddbf
2024-10-24 12:36:12,845 - INFO - Invalidated 1 cache entries for user 7a99b816-efed-4c3f-b33e-b04281b94909
2024-10-24 12:39:45,422 - INFO - No cache entries found to invalidate for user 223fb599-27c3-4e13-98d9-b88d3efb5b76
2024-10-24 12:39:46,288 - INFO - Invalidated 2 cache entries for user 197489a9-4511-498b-a762-45aadbf7ebff
2024-10-24 12:44:07,036 - INFO - No cache entries found to invalidate for user b987bd08-4e73-4e6a-b1bd-17f5f32b0f6e
2024-10-24 12:44:07,892 - INFO - Invalidated 2 cache entries for user 66ff907e-0a43-437b-9c85-09a46931d5f0
2024-10-24 12:47:22,518 - INFO - No cache entries found to invalidate for user 98ce84f3-3fc0-46ea-8b3f-75f9ac15151f
2024-10-24 12:47:23,379 - INFO - Invalidated 1 cache entries for user 8c093563-4001-4f3c-9f91-1f31de78adc9
2024-10-24 12:54:15,198 - INFO - No cache entries found to invalidate for user 0cd9afdb-7d0d-4443-b7f5-3927c8837529
2024-10-24 12:54:16,035 - INFO - Invalidated 2 cache entries for user 26b29709-1a68-4d11-9388-49d73a503071
2024-10-24 13:04:54,888 - INFO - No cache entries found to invalidate for user 81c1b6b1-2f8e-44bd-99cf-ffd66ffc1482
2024-10-24 13:04:55,744 - INFO - Invalidated 2 cache entries for user 97a9f50b-59ea-4a87-b394-90f249540a67
2024-10-24 13:05:34,917 - INFO - No cache entries found to invalidate for user ad8166ec-1aef-42af-b64a-68d76ea596a0
2024-10-24 13:05:35,773 - INFO - Invalidated 2 cache entries for user e5d90a12-8584-4754-99c8-a5bf303ab4ab
2024-10-24 13:06:22,577 - INFO - No cache entries found to invalidate for user c1c0d37d-ce26-450d-bd68-86ae38197b97
2024-10-24 13:06:23,413 - INFO - Invalidated 2 cache entries for user 41454ca8-e54d-4ee0-8ff1-0de5025ec544
2024-10-24 13:16:22,746 - INFO - No cache entries found to invalidate for user 6cc56e5c-d052-40b0-8009-ed33cd4ad180
2024-10-24 13:16:23,614 - INFO - Invalidated 2 cache entries for user e092d7a7-df0e-4f3c-b2cd-ce2accf74f92
2024-10-24 15:14:17,857 - INFO - No cache entries found to invalidate for user 9daf0afd-2876-4829-93d6-c8f808a2b2f3
2024-10-24 15:14:18,820 - INFO - Invalidated 2 cache entries for user 0f4973ff-9f39-45c5-83a7-a1fd35a2e083
2024-10-24 15:26:35,079 - INFO - No cache entries found to invalidate for user e92a3c8c-cf69-4f39-809c-1b6e9dbd2e95
2024-10-24 15:26:36,015 - INFO - Invalidated 2 cache entries for user 625a9468-ded1-409f-82c5-4ac8cb68b82b
2024-10-24 15:27:51,418 - INFO - No cache entries found to invalidate for user cb2a4351-2a66-49fa-8099-6be5823ea8ea
2024-10-24 15:27:52,351 - INFO - Invalidated 2 cache entries for user e9296abd-bcea-4faa-ae27-81301c5d67f1
2024-10-24 15:43:30,081 - INFO - No cache entries found to invalidate for user 7d73326a-7d1d-445f-b9d2-6136078d1c01
2024-10-24 15:43:30,992 - INFO - Invalidated 2 cache entries for user 7cb857a9-78d2-4eb2-9e3f-890fcf8bfab0
2024-10-24 15:49:46,337 - INFO - No cache entries found to invalidate for user 230ee80a-108f-44a4-942e-70dcd25135ce
2024-10-24 15:49:47,234 - INFO - Invalidated 2 cache entries for user 9e4b0779-d76e-4a2f-a901-6ce553bac16c
2024-10-24 15:51:33,566 - INFO - No cache entries found to invalidate for user 1f149d6b-e9aa-4344-b37e-9d3e5f872341
2024-10-24 15:51:34,464 - INFO - Invalidated 2 cache entries for user 005b8dc0-8481-454f-8d10-9182f4a43102
2024-10-24 15:54:04,498 - INFO - No cache entries found to invalidate for user 2ff7fbf4-c948-4f93-bbf7-cf10181d8d24
2024-10-24 15:54:05,397 - INFO - Invalidated 2 cache entries for user 24ce5b94-2900-4fb5-9dc9-050d47bf2ce1
2024-10-24 15:55:06,868 - INFO - No cache entries found to invalidate for user e85d1788-6094-4929-a55c-95f88fc0ae78
2024-10-24 15:55:07,811 - INFO - Invalidated 2 cache entries for user 0657123b-c560-4119-b65c-8afac1d98047
2024-10-24 15:57:14,598 - INFO - No cache entries found to invalidate for user 70798550-6064-4279-ae44-e20092d5abc8
2024-10-24 15:57:15,508 - INFO - Invalidated 2 cache entries for user d657b675-533b-4f1e-870f-ba7ca869a1e2
2024-10-24 16:12:42,512 - INFO - No cache entries found to invalidate for user 91d36043-4297-4440-94f8-bd0b9466b511
2024-10-24 16:12:43,429 - INFO - Invalidated 2 cache entries for user b4c2f8a1-8c4e-4c2f-a4c9-a50dd845607e
2024-10-24 16:15:33,281 - INFO - No cache entries found to invalidate for user 4b7358eb-358e-49a1-a4e0-7650cc0b7b66
2024-10-24 16:15:34,392 - INFO - Invalidated 2 cache entries for user 118fd0a3-4213-47bb-93d0-c7521b02b94f
2024-10-24 16:17:32,955 - INFO - No cache entries found to invalidate for user 74c37b19-b07f-434c-9d31-1460f337c926
2024-10-24 16:17:33,864 - INFO - Invalidated 2 cache entries for user d3b69f13-820b-4e55-ba66-9a8ac0297626
2024-10-24 16:19:51,695 - INFO - No cache entries found to invalidate for user 094f8883-a537-44a6-bb88-70b39bcc27cc
2024-10-24 16:19:52,624 - INFO - Invalidated 2 cache entries for user 798779ab-e049-4524-9d63-33ce91ca5fa5
2024-10-24 16:24:56,353 - INFO - No cache entries found to invalidate for user 60147192-3bda-499f-9ae3-fbd9946a41ff
2024-10-24 16:24:57,266 - INFO - Invalidated 2 cache entries for user ed396659-3e04-4d6c-8875-ef416de9f86d
2024-10-24 16:26:24,522 - INFO - No cache entries found to invalidate for user 437c529f-a587-42b2-9abc-a9baf0fe2a59
2024-10-24 16:26:25,453 - INFO - Invalidated 2 cache entries for user 92768092-f757-4ef3-a461-f1d1fb540651
2024-10-24 16:28:57,030 - INFO - No cache entries found to invalidate for user 79256200-f7d8-4c13-93ca-4c15cd8aeb3b
2024-10-24 16:28:57,941 - INFO - Invalidated 2 cache entries for user 664bcf1d-2003-4a4d-8fef-be3235a9155c
2024-10-24 16:33:01,935 - INFO - No cache entries found to invalidate for user 76bbd618-0529-4093-9573-05adf4ae7604
2024-10-24 16:33:02,891 - INFO - Invalidated 2 cache entries for user b7771609-adba-4aae-bd61-e95012e2d6df
2024-10-24 16:38:43,931 - INFO - No cache entries found to invalidate for user 9806283d-ce2c-4711-805b-5c325dd143ec
2024-10-24 16:38:44,851 - INFO - Invalidated 2 cache entries for user 2d8be3ba-0853-4673-8ca3-2a963f0d9355
2024-10-24 16:55:44,588 - INFO - No cache entries found to invalidate for user e0ddb4fc-fe7b-4b34-b18c-c69af2805d0f
2024-10-24 16:55:45,517 - INFO - Invalidated 2 cache entries for user 8e18dfde-1b22-46a2-baf1-66d6da3f4db5
